<?xml version="1.0" encoding="UTF-8"?>
<!-- Generated by org.testng.reporters.JUnitXMLReporter -->
<testsuite ignored="1" hostname="DESKTOP-UH1OK2S" failures="0" tests="2" name="Default test" time="12.643" errors="0" timestamp="2025-02-01T17:46:59 IST">
  <testcase classname="Test_Cases.TC001_productSearch" name="TC001_productSearch_Test" time="8.161"/>
  <testcase classname="Test_Cases.TC002_productPage" name="TC002_productPage_Test" time="0.182"/>
  <testcase classname="TestCase_PageObject.BaseTestClass" name="@BeforeTest LaunchUrl" time="0.0">
    <ignored/>
  </testcase> <!-- @BeforeTest LaunchUrl -->
</testsuite> <!-- Default test -->
