<?xml version="1.0" encoding="UTF-8"?>
<!-- Generated by org.testng.reporters.JUnitXMLReporter -->
<testsuite ignored="1" hostname="DESKTOP-UH1OK2S" failures="0" tests="2" name="Test" time="33.174" errors="0" timestamp="2025-02-02T00:24:03 IST">
  <testcase classname="Test_Cases.TC001_productSearch" name="TC001_productSearch_Test" time="18.317"/>
  <testcase classname="Test_Cases.TC002_productPage" name="TC002_productPage_Test" time="0.455"/>
  <testcase classname="TestCase_PageObject.BaseTestClass" name="@BeforeTest LaunchUrl" time="0.0">
    <ignored/>
  </testcase> <!-- @BeforeTest LaunchUrl -->
</testsuite> <!-- Test -->
